<?xml version="1.0" encoding="UTF-8"?>
<testng-results ignored="0" total="1" passed="1" failed="0" skipped="0">
  <reporter-output>
  </reporter-output>
  <suite started-at="2020-04-13T07:21:10 IST" name="Default suite" finished-at="2020-04-13T07:21:35 IST" duration-ms="24614">
    <groups>
    </groups>
    <test started-at="2020-04-13T07:21:10 IST" name="Default test" finished-at="2020-04-13T07:21:35 IST" duration-ms="24614">
      <class name="runner.TestRunner3a">
        <test-method is-config="true" signature="setUP()[pri:0, instance:runner.TestRunner3a@659a969b]" started-at="2020-04-13T07:21:10 IST" name="setUP" finished-at="2020-04-13T07:21:11 IST" duration-ms="429" status="PASS">
          <reporter-output>
          </reporter-output>
        </test-method> <!-- setUP -->
        <test-method signature="login(cucumber.api.testng.CucumberFeatureWrapper)[pri:0, instance:runner.TestRunner3a@659a969b]" started-at="2020-04-13T07:21:11 IST" name="login" description="removeitems" data-provider="features" finished-at="2020-04-13T07:21:35 IST" duration-ms="23962" status="PASS">
          <params>
            <param index="0">
              <value>
                <![CDATA[To make add to cart and opening cart]]>
              </value>
            </param>
          </params>
          <reporter-output>
          </reporter-output>
        </test-method> <!-- login -->
        <test-method is-config="true" signature="tearDown()[pri:0, instance:runner.TestRunner3a@659a969b]" started-at="2020-04-13T07:21:35 IST" name="tearDown" finished-at="2020-04-13T07:21:35 IST" duration-ms="34" status="PASS">
          <reporter-output>
          </reporter-output>
        </test-method> <!-- tearDown -->
      </class> <!-- runner.TestRunner3a -->
    </test> <!-- Default test -->
  </suite> <!-- Default suite -->
</testng-results>
